<?xml version="1.0" encoding="UTF-8"?>
<!-- Generated by org.testng.reporters.JUnitXMLReporter -->
<testsuite ignored="0" hostname="LAPTOP-TOI63QB6" failures="2" tests="6" name="Test" time="38.832" errors="0" timestamp="31 Jan 2022 13:40:58 GMT">
  <testcase classname="com.qa.visulon.basepackage.BaseSetup" name="@AfterMethod testMethodresult" time="0.228">
    <failure type="java.nio.file.InvalidPathException" message="Trailing char &amp;lt; &amp;gt; at index 80: D:\TREX\VF\VF_Sprints2021\FailureScreenshot\Failed_ImagesVF_Fonts31_01_2022 .png ">
      <![CDATA[java.nio.file.InvalidPathException: Trailing char < > at index 80: D:\TREX\VF\VF_Sprints2021\FailureScreenshot\Failed_ImagesVF_Fonts31_01_2022 .png 
at java.base/sun.nio.fs.WindowsPathParser.normalize(WindowsPathParser.java:191)
at java.base/sun.nio.fs.WindowsPathParser.parse(WindowsPathParser.java:153)
at java.base/sun.nio.fs.WindowsPathParser.parse(WindowsPathParser.java:77)
at java.base/sun.nio.fs.WindowsPath.parse(WindowsPath.java:92)
at java.base/sun.nio.fs.WindowsFileSystem.getPath(WindowsFileSystem.java:232)
at java.base/java.io.File.toPath(File.java:2387)
at org.apache.commons.io.FileUtils.doCopyFile(FileUtils.java:1390)
at org.apache.commons.io.FileUtils.copyFile(FileUtils.java:885)
at org.apache.commons.io.FileUtils.copyFile(FileUtils.java:835)
at org.apache.commons.io.FileUtils.copyFile(FileUtils.java:802)
at com.qa.visulon.utils.Screenshot.Takescreenshot(Screenshot.java:29)
at com.qa.visulon.basepackage.BaseSetup.testMethodresult(BaseSetup.java:80)
... Removed 28 stack frames]]>
    </failure>
  </testcase> <!-- @AfterMethod testMethodresult -->
  <testcase classname="com.qa.visulon.basepackage.BaseSetup" name="@AfterClass tearDown" time="0.0">
    <skipped/>
  </testcase> <!-- @AfterClass tearDown -->
  <testcase classname="com.qa.visulon.basepackage.BaseSetup" name="@AfterMethod testMethodresult" time="0.248">
    <failure type="java.nio.file.InvalidPathException" message="Trailing char &amp;lt; &amp;gt; at index 96: D:\TREX\VF\VF_Sprints2021\FailureScreenshot\Failed_ImagesVF_Milestomes_Assortment31_01_2022 .png ">
      <![CDATA[java.nio.file.InvalidPathException: Trailing char < > at index 96: D:\TREX\VF\VF_Sprints2021\FailureScreenshot\Failed_ImagesVF_Milestomes_Assortment31_01_2022 .png 
at java.base/sun.nio.fs.WindowsPathParser.normalize(WindowsPathParser.java:191)
at java.base/sun.nio.fs.WindowsPathParser.parse(WindowsPathParser.java:153)
at java.base/sun.nio.fs.WindowsPathParser.parse(WindowsPathParser.java:77)
at java.base/sun.nio.fs.WindowsPath.parse(WindowsPath.java:92)
at java.base/sun.nio.fs.WindowsFileSystem.getPath(WindowsFileSystem.java:232)
at java.base/java.io.File.toPath(File.java:2387)
at org.apache.commons.io.FileUtils.doCopyFile(FileUtils.java:1390)
at org.apache.commons.io.FileUtils.copyFile(FileUtils.java:885)
at org.apache.commons.io.FileUtils.copyFile(FileUtils.java:835)
at org.apache.commons.io.FileUtils.copyFile(FileUtils.java:802)
at com.qa.visulon.utils.Screenshot.Takescreenshot(Screenshot.java:29)
at com.qa.visulon.basepackage.BaseSetup.testMethodresult(BaseSetup.java:80)
... Removed 28 stack frames]]>
    </failure>
  </testcase> <!-- @AfterMethod testMethodresult -->
  <testcase classname="com.qa.visulon.basepackage.BaseSetup" name="@AfterClass tearDown" time="0.0">
    <skipped/>
  </testcase> <!-- @AfterClass tearDown -->
  <testcase classname="com.qa.visulon.test.VF_FontsSprint1" name="Userlogin" time="0.527"/>
  <testcase classname="com.qa.visulon.test.VF_Milestones" name="Userlogin" time="0.791"/>
  <testcase classname="com.qa.visulon.test.VF_FontsSprint1" name="User_roles" time="6.587"/>
  <testcase classname="com.qa.visulon.test.VF_Milestones" name="VF_Milestomes_homepage" time="0.526"/>
  <testcase classname="com.qa.visulon.test.VF_FontsSprint1" name="VF_Fonts" time="20.103">
    <failure type="org.openqa.selenium.NoSuchElementException" message="no such element: Unable to locate element: {&amp;quot;method&amp;quot;:&amp;quot;css selector&amp;quot;,&amp;quot;selector&amp;quot;:&amp;quot;#ContentPlaceHolder1_ImageButton6&amp;quot;}
  (Session info: chrome=97.0.4692.99)
For documentation on this error, please visit: https://www.seleniumhq.org/exceptions/no_such_element.html
Build info: version: &amp;apos;3.141.59&amp;apos;, revision: &amp;apos;e82be7d358&amp;apos;, time: &amp;apos;2018-11-14T08:17:03&amp;apos;
System info: host: &amp;apos;LAPTOP-TOI63QB6&amp;apos;, ip: &amp;apos;192.168.2.182&amp;apos;, os.name: &amp;apos;Windows 10&amp;apos;, os.arch: &amp;apos;amd64&amp;apos;, os.version: &amp;apos;10.0&amp;apos;, java.version: &amp;apos;17.0.1&amp;apos;
Driver info: org.openqa.selenium.chrome.ChromeDriver
Capabilities {acceptInsecureCerts: false, browserName: chrome, browserVersion: 97.0.4692.99, chrome: {chromedriverVersion: 97.0.4692.71 (adefa7837d02a..., userDataDir: C:\Users\tarun_g\AppData\Lo...}, goog:chromeOptions: {debuggerAddress: localhost:52522}, javascriptEnabled: true, networkConnectionEnabled: false, pageLoadStrategy: normal, platform: WINDOWS, platformName: WINDOWS, proxy: Proxy(), setWindowRect: true, strictFileInteractability: false, timeouts: {implicit: 0, pageLoad: 300000, script: 30000}, unhandledPromptBehavior: dismiss and notify, webauthn:extension:credBlob: true, webauthn:extension:largeBlob: true, webauthn:virtualAuthenticators: true}
Session ID: a5a5d862833e8ae03818088f7c81fc23
*** Element info: {Using=id, value=ContentPlaceHolder1_ImageButton6}">
      <![CDATA[org.openqa.selenium.NoSuchElementException: no such element: Unable to locate element: {"method":"css selector","selector":"#ContentPlaceHolder1_ImageButton6"}
  (Session info: chrome=97.0.4692.99)
For documentation on this error, please visit: https://www.seleniumhq.org/exceptions/no_such_element.html
Build info: version: '3.141.59', revision: 'e82be7d358', time: '2018-11-14T08:17:03'
System info: host: 'LAPTOP-TOI63QB6', ip: '192.168.2.182', os.name: 'Windows 10', os.arch: 'amd64', os.version: '10.0', java.version: '17.0.1'
Driver info: org.openqa.selenium.chrome.ChromeDriver
Capabilities {acceptInsecureCerts: false, browserName: chrome, browserVersion: 97.0.4692.99, chrome: {chromedriverVersion: 97.0.4692.71 (adefa7837d02a..., userDataDir: C:\Users\tarun_g\AppData\Lo...}, goog:chromeOptions: {debuggerAddress: localhost:52522}, javascriptEnabled: true, networkConnectionEnabled: false, pageLoadStrategy: normal, platform: WINDOWS, platformName: WINDOWS, proxy: Proxy(), setWindowRect: true, strictFileInteractability: false, timeouts: {implicit: 0, pageLoad: 300000, script: 30000}, unhandledPromptBehavior: dismiss and notify, webauthn:extension:credBlob: true, webauthn:extension:largeBlob: true, webauthn:virtualAuthenticators: true}
Session ID: a5a5d862833e8ae03818088f7c81fc23
*** Element info: {Using=id, value=ContentPlaceHolder1_ImageButton6}
at org.openqa.selenium.remote.http.W3CHttpResponseCodec.createException(W3CHttpResponseCodec.java:187)
at org.openqa.selenium.remote.http.W3CHttpResponseCodec.decode(W3CHttpResponseCodec.java:122)
at org.openqa.selenium.remote.http.W3CHttpResponseCodec.decode(W3CHttpResponseCodec.java:49)
at org.openqa.selenium.remote.HttpCommandExecutor.execute(HttpCommandExecutor.java:158)
at org.openqa.selenium.remote.service.DriverCommandExecutor.execute(DriverCommandExecutor.java:83)
at org.openqa.selenium.remote.RemoteWebDriver.execute(RemoteWebDriver.java:552)
at org.openqa.selenium.remote.RemoteWebDriver.findElement(RemoteWebDriver.java:323)
at org.openqa.selenium.remote.RemoteWebDriver.findElementById(RemoteWebDriver.java:372)
at org.openqa.selenium.By$ById.findElement(By.java:188)
at org.openqa.selenium.remote.RemoteWebDriver.findElement(RemoteWebDriver.java:315)
at com.qa.visulon.pages.VF_fontStyles.fnote(VF_fontStyles.java:37)
at com.qa.visulon.test.VF_FontsSprint1.VF_Fonts(VF_FontsSprint1.java:41)
... Removed 30 stack frames]]>
    </failure>
  </testcase> <!-- VF_Fonts -->
  <testcase classname="com.qa.visulon.test.VF_Milestones" name="VF_Milestomes_Assortment" time="1.173">
    <failure type="org.openqa.selenium.ElementClickInterceptedException" message="element click intercepted: Element &amp;lt;div title=&amp;quot;&amp;quot; onclick=&amp;quot;OpenDoc(this,0,&amp;amp;quot;A&amp;amp;quot;,339);&amp;quot; data-tooltip-id=&amp;quot;50&amp;quot;&amp;gt;...&amp;lt;/div&amp;gt; is not clickable at point (753, 228). Other element would receive the click: &amp;lt;select id=&amp;quot;ddlFiscalYear_CreatePopup&amp;quot; class=&amp;quot;dropdown&amp;quot;&amp;gt;...&amp;lt;/select&amp;gt;
  (Session info: chrome=97.0.4692.99)
Build info: version: &amp;apos;3.141.59&amp;apos;, revision: &amp;apos;e82be7d358&amp;apos;, time: &amp;apos;2018-11-14T08:17:03&amp;apos;
System info: host: &amp;apos;LAPTOP-TOI63QB6&amp;apos;, ip: &amp;apos;192.168.2.182&amp;apos;, os.name: &amp;apos;Windows 10&amp;apos;, os.arch: &amp;apos;amd64&amp;apos;, os.version: &amp;apos;10.0&amp;apos;, java.version: &amp;apos;17.0.1&amp;apos;
Driver info: org.openqa.selenium.chrome.ChromeDriver
Capabilities {acceptInsecureCerts: false, browserName: chrome, browserVersion: 97.0.4692.99, chrome: {chromedriverVersion: 97.0.4692.71 (adefa7837d02a..., userDataDir: C:\Users\tarun_g\AppData\Lo...}, goog:chromeOptions: {debuggerAddress: localhost:52537}, javascriptEnabled: true, networkConnectionEnabled: false, pageLoadStrategy: normal, platform: WINDOWS, platformName: WINDOWS, proxy: Proxy(), setWindowRect: true, strictFileInteractability: false, timeouts: {implicit: 0, pageLoad: 300000, script: 30000}, unhandledPromptBehavior: dismiss and notify, webauthn:extension:credBlob: true, webauthn:extension:largeBlob: true, webauthn:virtualAuthenticators: true}
Session ID: a8bd707bba0433dbab38f5107d702073">
      <![CDATA[org.openqa.selenium.ElementClickInterceptedException: element click intercepted: Element <div title="" onclick="OpenDoc(this,0,&quot;A&quot;,339);" data-tooltip-id="50">...</div> is not clickable at point (753, 228). Other element would receive the click: <select id="ddlFiscalYear_CreatePopup" class="dropdown">...</select>
  (Session info: chrome=97.0.4692.99)
Build info: version: '3.141.59', revision: 'e82be7d358', time: '2018-11-14T08:17:03'
System info: host: 'LAPTOP-TOI63QB6', ip: '192.168.2.182', os.name: 'Windows 10', os.arch: 'amd64', os.version: '10.0', java.version: '17.0.1'
Driver info: org.openqa.selenium.chrome.ChromeDriver
Capabilities {acceptInsecureCerts: false, browserName: chrome, browserVersion: 97.0.4692.99, chrome: {chromedriverVersion: 97.0.4692.71 (adefa7837d02a..., userDataDir: C:\Users\tarun_g\AppData\Lo...}, goog:chromeOptions: {debuggerAddress: localhost:52537}, javascriptEnabled: true, networkConnectionEnabled: false, pageLoadStrategy: normal, platform: WINDOWS, platformName: WINDOWS, proxy: Proxy(), setWindowRect: true, strictFileInteractability: false, timeouts: {implicit: 0, pageLoad: 300000, script: 30000}, unhandledPromptBehavior: dismiss and notify, webauthn:extension:credBlob: true, webauthn:extension:largeBlob: true, webauthn:virtualAuthenticators: true}
Session ID: a8bd707bba0433dbab38f5107d702073
at org.openqa.selenium.remote.http.W3CHttpResponseCodec.createException(W3CHttpResponseCodec.java:187)
at org.openqa.selenium.remote.http.W3CHttpResponseCodec.decode(W3CHttpResponseCodec.java:122)
at org.openqa.selenium.remote.http.W3CHttpResponseCodec.decode(W3CHttpResponseCodec.java:49)
at org.openqa.selenium.remote.HttpCommandExecutor.execute(HttpCommandExecutor.java:158)
at org.openqa.selenium.remote.service.DriverCommandExecutor.execute(DriverCommandExecutor.java:83)
at org.openqa.selenium.remote.RemoteWebDriver.execute(RemoteWebDriver.java:552)
at org.openqa.selenium.remote.RemoteWebElement.execute(RemoteWebElement.java:285)
at org.openqa.selenium.remote.RemoteWebElement.click(RemoteWebElement.java:84)
at com.qa.visulon.pages.VF_Homepage.getAllassortmetDetails(VF_Homepage.java:38)
at com.qa.visulon.test.VF_Milestones.VF_Milestomes_Assortment(VF_Milestones.java:37)
... Removed 30 stack frames]]>
    </failure>
  </testcase> <!-- VF_Milestomes_Assortment -->
</testsuite> <!-- Test -->
