<?xml version="1.0" encoding="UTF-8"?>
<testng-results skipped="0" failed="2" ignored="1" total="6" passed="3">
  <reporter-output>
  </reporter-output>
  <suite name="Suite" duration-ms="53554" started-at="2022-02-15T08:27:28Z" finished-at="2022-02-15T08:28:21Z">
    <groups>
      <group name="sanity">
        <method signature="VF_Fonts.Userlogin(java.lang.String, java.lang.String)[pri:0, instance:com.qa.visulon.test.VF_Fonts@3012646b]" name="Userlogin" class="com.qa.visulon.test.VF_Fonts"/>
        <method signature="VF_Milestones.Userlogin(java.lang.String, java.lang.String)[pri:0, instance:com.qa.visulon.test.VF_Milestones@d86a6f]" name="Userlogin" class="com.qa.visulon.test.VF_Milestones"/>
        <method signature="VF_Milestones.VF_Milestomes_Assortment()[pri:2, instance:com.qa.visulon.test.VF_Milestones@d86a6f]" name="VF_Milestomes_Assortment" class="com.qa.visulon.test.VF_Milestones"/>
        <method signature="VF_Milestones.VF_Milestomes_homepage()[pri:1, instance:com.qa.visulon.test.VF_Milestones@d86a6f]" name="VF_Milestomes_homepage" class="com.qa.visulon.test.VF_Milestones"/>
      </group> <!-- sanity -->
      <group name="Smoke">
        <method signature="VF_Fonts.User_roles()[pri:1, instance:com.qa.visulon.test.VF_Fonts@3012646b]" name="User_roles" class="com.qa.visulon.test.VF_Fonts"/>
        <method signature="VF_Fonts.Userlogin(java.lang.String, java.lang.String)[pri:0, instance:com.qa.visulon.test.VF_Fonts@3012646b]" name="Userlogin" class="com.qa.visulon.test.VF_Fonts"/>
        <method signature="VF_Milestones.Userlogin(java.lang.String, java.lang.String)[pri:0, instance:com.qa.visulon.test.VF_Milestones@d86a6f]" name="Userlogin" class="com.qa.visulon.test.VF_Milestones"/>
      </group> <!-- Smoke -->
    </groups>
    <test name="Fonts" duration-ms="38404" started-at="2022-02-15T08:27:28Z" finished-at="2022-02-15T08:28:06Z">
      <class name="com.qa.visulon.test.VF_Fonts">
        <test-method status="PASS" signature="getDriver()[pri:0, instance:com.qa.visulon.test.VF_Fonts@3012646b]" name="getDriver" is-config="true" duration-ms="16" started-at="2022-02-15T08:27:28Z" finished-at="2022-02-15T08:27:28Z">
          <reporter-output>
          </reporter-output>
        </test-method> <!-- getDriver -->
        <test-method status="PASS" signature="init_browser()[pri:0, instance:com.qa.visulon.test.VF_Fonts@3012646b]" name="init_browser" is-config="true" duration-ms="8604" started-at="2022-02-15T08:27:28Z" finished-at="2022-02-15T08:27:36Z">
          <reporter-output>
          </reporter-output>
        </test-method> <!-- init_browser -->
        <test-method status="PASS" signature="Userlogin(java.lang.String, java.lang.String)[pri:0, instance:com.qa.visulon.test.VF_Fonts@3012646b]" name="Userlogin" duration-ms="8543" started-at="2022-02-15T08:27:37Z" data-provider="loginData" finished-at="2022-02-15T08:27:45Z">
          <params>
            <param index="0">
              <value>
                <![CDATA[tarun_VF]]>
              </value>
            </param>
            <param index="1">
              <value>
                <![CDATA[admin@123]]>
              </value>
            </param>
          </params>
          <reporter-output>
          </reporter-output>
        </test-method> <!-- Userlogin -->
        <test-method status="PASS" signature="User_roles()[pri:1, instance:com.qa.visulon.test.VF_Fonts@3012646b]" name="User_roles" duration-ms="17930" started-at="2022-02-15T08:27:47Z" finished-at="2022-02-15T08:28:05Z">
          <reporter-output>
          </reporter-output>
        </test-method> <!-- User_roles -->
        <test-method status="PASS" signature="tearDown()[pri:0, instance:com.qa.visulon.test.VF_Fonts@3012646b]" name="tearDown" is-config="true" duration-ms="924" started-at="2022-02-15T08:28:05Z" finished-at="2022-02-15T08:28:06Z">
          <reporter-output>
          </reporter-output>
        </test-method> <!-- tearDown -->
      </class> <!-- com.qa.visulon.test.VF_Fonts -->
    </test> <!-- Fonts -->
    <test name="Milestone" duration-ms="53554" started-at="2022-02-15T08:27:28Z" finished-at="2022-02-15T08:28:21Z">
      <class name="com.qa.visulon.test.VF_Milestones">
        <test-method status="PASS" signature="getDriver()[pri:0, instance:com.qa.visulon.test.VF_Milestones@d86a6f]" name="getDriver" is-config="true" duration-ms="16" started-at="2022-02-15T08:27:28Z" finished-at="2022-02-15T08:27:28Z">
          <reporter-output>
          </reporter-output>
        </test-method> <!-- getDriver -->
        <test-method status="PASS" signature="init_browser()[pri:0, instance:com.qa.visulon.test.VF_Milestones@d86a6f]" name="init_browser" is-config="true" duration-ms="8036" started-at="2022-02-15T08:27:28Z" finished-at="2022-02-15T08:27:36Z">
          <reporter-output>
          </reporter-output>
        </test-method> <!-- init_browser -->
        <test-method status="PASS" signature="Userlogin(java.lang.String, java.lang.String)[pri:0, instance:com.qa.visulon.test.VF_Milestones@d86a6f]" name="Userlogin" duration-ms="7392" started-at="2022-02-15T08:27:37Z" data-provider="loginData" finished-at="2022-02-15T08:27:44Z">
          <params>
            <param index="0">
              <value>
                <![CDATA[tarun_VF]]>
              </value>
            </param>
            <param index="1">
              <value>
                <![CDATA[admin@123]]>
              </value>
            </param>
          </params>
          <reporter-output>
          </reporter-output>
        </test-method> <!-- Userlogin -->
        <test-method status="FAIL" signature="VF_Milestomes_homepage()[pri:1, instance:com.qa.visulon.test.VF_Milestones@d86a6f]" name="VF_Milestomes_homepage" duration-ms="10089" started-at="2022-02-15T08:27:47Z" finished-at="2022-02-15T08:27:57Z">
          <exception class="org.openqa.selenium.NoSuchElementException">
            <message>
              <![CDATA[no such element: Unable to locate element: {"method":"xpath","selector":"//div[@id='btnNewAssortment']"}
  (Session info: chrome=98.0.4758.82)
For documentation on this error, please visit: https://www.seleniumhq.org/exceptions/no_such_element.html
Build info: version: '3.141.59', revision: 'e82be7d358', time: '2018-11-14T08:17:03'
System info: host: 'LAPTOP-TOI63QB6', ip: '192.168.2.182', os.name: 'Windows 10', os.arch: 'amd64', os.version: '10.0', java.version: '1.8.0_321'
Driver info: org.openqa.selenium.chrome.ChromeDriver
Capabilities {acceptInsecureCerts: false, browserName: chrome, browserVersion: 98.0.4758.82, chrome: {chromedriverVersion: 98.0.4758.80 (7f0488e8ba0d8..., userDataDir: C:\Users\tarun_g\AppData\Lo...}, goog:chromeOptions: {debuggerAddress: localhost:61655}, javascriptEnabled: true, networkConnectionEnabled: false, pageLoadStrategy: normal, platform: WINDOWS, platformName: WINDOWS, proxy: Proxy(), setWindowRect: true, strictFileInteractability: false, timeouts: {implicit: 0, pageLoad: 300000, script: 30000}, unhandledPromptBehavior: dismiss and notify, webauthn:extension:credBlob: true, webauthn:extension:largeBlob: true, webauthn:virtualAuthenticators: true}
Session ID: 3020369111f8b3f33bb3a0e18a331efd
*** Element info: {Using=xpath, value=//div[@id='btnNewAssortment']}]]>
            </message>
            <full-stacktrace>
              <![CDATA[org.openqa.selenium.NoSuchElementException: no such element: Unable to locate element: {"method":"xpath","selector":"//div[@id='btnNewAssortment']"}
  (Session info: chrome=98.0.4758.82)
For documentation on this error, please visit: https://www.seleniumhq.org/exceptions/no_such_element.html
Build info: version: '3.141.59', revision: 'e82be7d358', time: '2018-11-14T08:17:03'
System info: host: 'LAPTOP-TOI63QB6', ip: '192.168.2.182', os.name: 'Windows 10', os.arch: 'amd64', os.version: '10.0', java.version: '1.8.0_321'
Driver info: org.openqa.selenium.chrome.ChromeDriver
Capabilities {acceptInsecureCerts: false, browserName: chrome, browserVersion: 98.0.4758.82, chrome: {chromedriverVersion: 98.0.4758.80 (7f0488e8ba0d8..., userDataDir: C:\Users\tarun_g\AppData\Lo...}, goog:chromeOptions: {debuggerAddress: localhost:61655}, javascriptEnabled: true, networkConnectionEnabled: false, pageLoadStrategy: normal, platform: WINDOWS, platformName: WINDOWS, proxy: Proxy(), setWindowRect: true, strictFileInteractability: false, timeouts: {implicit: 0, pageLoad: 300000, script: 30000}, unhandledPromptBehavior: dismiss and notify, webauthn:extension:credBlob: true, webauthn:extension:largeBlob: true, webauthn:virtualAuthenticators: true}
Session ID: 3020369111f8b3f33bb3a0e18a331efd
*** Element info: {Using=xpath, value=//div[@id='btnNewAssortment']}
at sun.reflect.NativeConstructorAccessorImpl.newInstance0(Native Method)
at sun.reflect.NativeConstructorAccessorImpl.newInstance(NativeConstructorAccessorImpl.java:62)
at sun.reflect.DelegatingConstructorAccessorImpl.newInstance(DelegatingConstructorAccessorImpl.java:45)
at java.lang.reflect.Constructor.newInstance(Constructor.java:423)
at org.openqa.selenium.remote.http.W3CHttpResponseCodec.createException(W3CHttpResponseCodec.java:187)
at org.openqa.selenium.remote.http.W3CHttpResponseCodec.decode(W3CHttpResponseCodec.java:122)
at org.openqa.selenium.remote.http.W3CHttpResponseCodec.decode(W3CHttpResponseCodec.java:49)
at org.openqa.selenium.remote.HttpCommandExecutor.execute(HttpCommandExecutor.java:158)
at org.openqa.selenium.remote.service.DriverCommandExecutor.execute(DriverCommandExecutor.java:83)
at org.openqa.selenium.remote.RemoteWebDriver.execute(RemoteWebDriver.java:552)
at org.openqa.selenium.remote.RemoteWebDriver.findElement(RemoteWebDriver.java:323)
at org.openqa.selenium.remote.RemoteWebDriver.findElementByXPath(RemoteWebDriver.java:428)
at org.openqa.selenium.By$ByXPath.findElement(By.java:353)
at org.openqa.selenium.remote.RemoteWebDriver.findElement(RemoteWebDriver.java:315)
at com.qa.visulon.pages.VF_milestones_Homepage.ClickonCreateAssort(VF_milestones_Homepage.java:31)
at com.qa.visulon.test.VF_Milestones.VF_Milestomes_homepage(VF_Milestones.java:28)
at sun.reflect.NativeMethodAccessorImpl.invoke0(Native Method)
at sun.reflect.NativeMethodAccessorImpl.invoke(NativeMethodAccessorImpl.java:62)
at sun.reflect.DelegatingMethodAccessorImpl.invoke(DelegatingMethodAccessorImpl.java:43)
at java.lang.reflect.Method.invoke(Method.java:498)
at org.testng.internal.MethodInvocationHelper.invokeMethod(MethodInvocationHelper.java:124)
at org.testng.internal.Invoker.invokeMethod(Invoker.java:583)
at org.testng.internal.Invoker.invokeTestMethod(Invoker.java:719)
at org.testng.internal.Invoker.invokeTestMethods(Invoker.java:989)
at org.testng.internal.TestMethodWorker.invokeTestMethods(TestMethodWorker.java:125)
at org.testng.internal.TestMethodWorker.run(TestMethodWorker.java:109)
at org.testng.TestRunner.privateRun(TestRunner.java:648)
at org.testng.TestRunner.run(TestRunner.java:505)
at org.testng.SuiteRunner.runTest(SuiteRunner.java:455)
at org.testng.SuiteRunner.access$000(SuiteRunner.java:40)
at org.testng.SuiteRunner$SuiteWorker.run(SuiteRunner.java:489)
at org.testng.internal.thread.ThreadUtil$1.call(ThreadUtil.java:52)
at java.util.concurrent.FutureTask.run(FutureTask.java:266)
at java.util.concurrent.ThreadPoolExecutor.runWorker(ThreadPoolExecutor.java:1149)
at java.util.concurrent.ThreadPoolExecutor$Worker.run(ThreadPoolExecutor.java:624)
at java.lang.Thread.run(Thread.java:750)
]]>
            </full-stacktrace>
          </exception> <!-- org.openqa.selenium.NoSuchElementException -->
          <reporter-output>
          </reporter-output>
        </test-method> <!-- VF_Milestomes_homepage -->
        <test-method status="FAIL" signature="VF_Milestomes_Assortment()[pri:2, instance:com.qa.visulon.test.VF_Milestones@d86a6f]" name="VF_Milestomes_Assortment" duration-ms="20069" started-at="2022-02-15T08:27:59Z" finished-at="2022-02-15T08:28:19Z">
          <exception class="org.openqa.selenium.NoSuchElementException">
            <message>
              <![CDATA[no such element: Unable to locate element: {"method":"xpath","selector":"//li[@id='lnkFile']"}
  (Session info: chrome=98.0.4758.82)
For documentation on this error, please visit: https://www.seleniumhq.org/exceptions/no_such_element.html
Build info: version: '3.141.59', revision: 'e82be7d358', time: '2018-11-14T08:17:03'
System info: host: 'LAPTOP-TOI63QB6', ip: '192.168.2.182', os.name: 'Windows 10', os.arch: 'amd64', os.version: '10.0', java.version: '1.8.0_321'
Driver info: org.openqa.selenium.chrome.ChromeDriver
Capabilities {acceptInsecureCerts: false, browserName: chrome, browserVersion: 98.0.4758.82, chrome: {chromedriverVersion: 98.0.4758.80 (7f0488e8ba0d8..., userDataDir: C:\Users\tarun_g\AppData\Lo...}, goog:chromeOptions: {debuggerAddress: localhost:61655}, javascriptEnabled: true, networkConnectionEnabled: false, pageLoadStrategy: normal, platform: WINDOWS, platformName: WINDOWS, proxy: Proxy(), setWindowRect: true, strictFileInteractability: false, timeouts: {implicit: 0, pageLoad: 300000, script: 30000}, unhandledPromptBehavior: dismiss and notify, webauthn:extension:credBlob: true, webauthn:extension:largeBlob: true, webauthn:virtualAuthenticators: true}
Session ID: 3020369111f8b3f33bb3a0e18a331efd
*** Element info: {Using=xpath, value=//li[@id='lnkFile']}]]>
            </message>
            <full-stacktrace>
              <![CDATA[org.openqa.selenium.NoSuchElementException: no such element: Unable to locate element: {"method":"xpath","selector":"//li[@id='lnkFile']"}
  (Session info: chrome=98.0.4758.82)
For documentation on this error, please visit: https://www.seleniumhq.org/exceptions/no_such_element.html
Build info: version: '3.141.59', revision: 'e82be7d358', time: '2018-11-14T08:17:03'
System info: host: 'LAPTOP-TOI63QB6', ip: '192.168.2.182', os.name: 'Windows 10', os.arch: 'amd64', os.version: '10.0', java.version: '1.8.0_321'
Driver info: org.openqa.selenium.chrome.ChromeDriver
Capabilities {acceptInsecureCerts: false, browserName: chrome, browserVersion: 98.0.4758.82, chrome: {chromedriverVersion: 98.0.4758.80 (7f0488e8ba0d8..., userDataDir: C:\Users\tarun_g\AppData\Lo...}, goog:chromeOptions: {debuggerAddress: localhost:61655}, javascriptEnabled: true, networkConnectionEnabled: false, pageLoadStrategy: normal, platform: WINDOWS, platformName: WINDOWS, proxy: Proxy(), setWindowRect: true, strictFileInteractability: false, timeouts: {implicit: 0, pageLoad: 300000, script: 30000}, unhandledPromptBehavior: dismiss and notify, webauthn:extension:credBlob: true, webauthn:extension:largeBlob: true, webauthn:virtualAuthenticators: true}
Session ID: 3020369111f8b3f33bb3a0e18a331efd
*** Element info: {Using=xpath, value=//li[@id='lnkFile']}
at sun.reflect.NativeConstructorAccessorImpl.newInstance0(Native Method)
at sun.reflect.NativeConstructorAccessorImpl.newInstance(NativeConstructorAccessorImpl.java:62)
at sun.reflect.DelegatingConstructorAccessorImpl.newInstance(DelegatingConstructorAccessorImpl.java:45)
at java.lang.reflect.Constructor.newInstance(Constructor.java:423)
at org.openqa.selenium.remote.http.W3CHttpResponseCodec.createException(W3CHttpResponseCodec.java:187)
at org.openqa.selenium.remote.http.W3CHttpResponseCodec.decode(W3CHttpResponseCodec.java:122)
at org.openqa.selenium.remote.http.W3CHttpResponseCodec.decode(W3CHttpResponseCodec.java:49)
at org.openqa.selenium.remote.HttpCommandExecutor.execute(HttpCommandExecutor.java:158)
at org.openqa.selenium.remote.service.DriverCommandExecutor.execute(DriverCommandExecutor.java:83)
at org.openqa.selenium.remote.RemoteWebDriver.execute(RemoteWebDriver.java:552)
at org.openqa.selenium.remote.RemoteWebDriver.findElement(RemoteWebDriver.java:323)
at org.openqa.selenium.remote.RemoteWebDriver.findElementByXPath(RemoteWebDriver.java:428)
at org.openqa.selenium.By$ByXPath.findElement(By.java:353)
at org.openqa.selenium.remote.RemoteWebDriver.findElement(RemoteWebDriver.java:315)
at com.qa.visulon.pages.VF_Milestones_Assortment.ClickonFile(VF_Milestones_Assortment.java:31)
at com.qa.visulon.test.VF_Milestones.VF_Milestomes_Assortment(VF_Milestones.java:37)
at sun.reflect.NativeMethodAccessorImpl.invoke0(Native Method)
at sun.reflect.NativeMethodAccessorImpl.invoke(NativeMethodAccessorImpl.java:62)
at sun.reflect.DelegatingMethodAccessorImpl.invoke(DelegatingMethodAccessorImpl.java:43)
at java.lang.reflect.Method.invoke(Method.java:498)
at org.testng.internal.MethodInvocationHelper.invokeMethod(MethodInvocationHelper.java:124)
at org.testng.internal.Invoker.invokeMethod(Invoker.java:583)
at org.testng.internal.Invoker.invokeTestMethod(Invoker.java:719)
at org.testng.internal.Invoker.invokeTestMethods(Invoker.java:989)
at org.testng.internal.TestMethodWorker.invokeTestMethods(TestMethodWorker.java:125)
at org.testng.internal.TestMethodWorker.run(TestMethodWorker.java:109)
at org.testng.TestRunner.privateRun(TestRunner.java:648)
at org.testng.TestRunner.run(TestRunner.java:505)
at org.testng.SuiteRunner.runTest(SuiteRunner.java:455)
at org.testng.SuiteRunner.access$000(SuiteRunner.java:40)
at org.testng.SuiteRunner$SuiteWorker.run(SuiteRunner.java:489)
at org.testng.internal.thread.ThreadUtil$1.call(ThreadUtil.java:52)
at java.util.concurrent.FutureTask.run(FutureTask.java:266)
at java.util.concurrent.ThreadPoolExecutor.runWorker(ThreadPoolExecutor.java:1149)
at java.util.concurrent.ThreadPoolExecutor$Worker.run(ThreadPoolExecutor.java:624)
at java.lang.Thread.run(Thread.java:750)
]]>
            </full-stacktrace>
          </exception> <!-- org.openqa.selenium.NoSuchElementException -->
          <reporter-output>
          </reporter-output>
        </test-method> <!-- VF_Milestomes_Assortment -->
        <test-method status="PASS" signature="tearDown()[pri:0, instance:com.qa.visulon.test.VF_Milestones@d86a6f]" name="tearDown" is-config="true" duration-ms="930" started-at="2022-02-15T08:28:20Z" finished-at="2022-02-15T08:28:21Z">
          <reporter-output>
          </reporter-output>
        </test-method> <!-- tearDown -->
      </class> <!-- com.qa.visulon.test.VF_Milestones -->
    </test> <!-- Milestone -->
  </suite> <!-- Suite -->
</testng-results>
